#
# There is insufficient memory for the Java Runtime Environment to continue.
# Native memory allocation (mmap) failed to map 132120576 bytes for G1 virtual space
# Possible reasons:
#   The system is out of physical RAM or swap space
#   The process is running with CompressedOops enabled, and the Java Heap may be blocking the growth of the native heap
# Possible solutions:
#   Reduce memory load on the system
#   Increase physical memory or swap space
#   Check if swap backing store is full
#   Decrease Java heap size (-Xmx/-Xms)
#   Decrease number of Java threads
#   Decrease Java thread stack sizes (-Xss)
#   Set larger code cache with -XX:ReservedCodeCacheSize=
#   JVM is running with Unscaled Compressed Oops mode in which the Java heap is
#     placed in the first 4GB address space. The Java Heap base address is the
#     maximum limit for the native heap growth. Please use -XX:HeapBaseMinAddress
#     to set the Java Heap base and to place the Java Heap above 4GB virtual address.
# This output file may be truncated or incomplete.
#
#  Out of Memory Error (os_windows.cpp:3532), pid=25124, tid=26204
#
# JRE version:  (17.0.2+8) (build )
# Java VM: OpenJDK 64-Bit Server VM (17.0.2+8-86, mixed mode, sharing, tiered, compressed oops, compressed class ptrs, g1 gc, windows-amd64)
# No core dump will be written. Minidumps are not enabled by default on client versions of Windows
#

---------------  S U M M A R Y ------------

Command Line: C:\Users\Notebook\AppData\Local\Temp\surefire5649673706709682661\surefirebooter1387773308608573774.jar C:\Users\Notebook\AppData\Local\Temp\surefire5649673706709682661 2022-04-10T20-34-46_604-jvmRun1 surefire7649471096381874529tmp surefire_05881988812371951737tmp

Host: Intel(R) Core(TM) i7-10750H CPU @ 2.60GHz, 12 cores, 7G,  Windows 10 , 64 bit Build 19041 (10.0.19041.1566)
Time: Sun Apr 10 20:34:47 2022 Hora estándar de Argentina elapsed time: 0.008648 seconds (0d 0h 0m 0s)

---------------  T H R E A D  ---------------

Current thread (0x0000020966b8c1c0):  JavaThread "Unknown thread" [_thread_in_vm, id=26204, stack(0x0000008f5cf00000,0x0000008f5d000000)]

Stack: [0x0000008f5cf00000,0x0000008f5d000000]
Native frames: (J=compiled Java code, j=interpreted, Vv=VM code, C=native code)
V  [jvm.dll+0x670baa]
V  [jvm.dll+0x7cfcb4]
V  [jvm.dll+0x7d145e]
V  [jvm.dll+0x7d1ac3]
V  [jvm.dll+0x242bc5]
V  [jvm.dll+0x66dac9]
V  [jvm.dll+0x662412]
V  [jvm.dll+0x300c0b]
V  [jvm.dll+0x3081a6]
V  [jvm.dll+0x357d0e]
V  [jvm.dll+0x357f3f]
V  [jvm.dll+0x2d7ec8]
V  [jvm.dll+0x2d8e34]
V  [jvm.dll+0x7a18c1]
V  [jvm.dll+0x365a91]
V  [jvm.dll+0x780d2c]
V  [jvm.dll+0x3e845f]
V  [jvm.dll+0x3e9f01]
C  [jli.dll+0x527b]
C  [ucrtbase.dll+0x21bb2]
C  [KERNEL32.DLL+0x17034]
C  [ntdll.dll+0x52651]


---------------  P R O C E S S  ---------------

Threads class SMR info:
_java_thread_list=0x00007ffe44a99858, length=0, elements={
}

Java Threads: ( => current thread )

Other Threads:
  0x0000020966bcca90 GCTaskThread "GC Thread#0" [stack: 0x0000008f5d000000,0x0000008f5d100000] [id=10064]
  0x0000020966bde3f0 ConcurrentGCThread "G1 Main Marker" [stack: 0x0000008f5d100000,0x0000008f5d200000] [id=17524]
  0x0000020966bdf4b0 ConcurrentGCThread "G1 Conc#0" [stack: 0x0000008f5d200000,0x0000008f5d300000] [id=19596]

[error occurred during error reporting (printing all threads), id 0xc0000005, EXCEPTION_ACCESS_VIOLATION (0xc0000005) at pc=0x00007ffe442e88a7]

VM state: not at safepoint (not fully initialized)

VM Mutex/Monitor currently owned by a thread:  ([mutex/lock_event])
[0x0000020966b883e0] Heap_lock - owner thread: 0x0000020966b8c1c0

Heap address: 0x0000000082800000, size: 2008 MB, Compressed Oops mode: 32-bit

CDS archive(s) mapped at: [0x0000000000000000-0x0000000000000000-0x0000000000000000), size 0, SharedBaseAddress: 0x0000000800000000, ArchiveRelocationMode: 0.
Narrow klass base: 0x0000000000000000, Narrow klass shift: 0, Narrow klass range: 0x0

GC Precious Log:
<Empty>

Heap:
 garbage-first heap   total 0K, used 0K [0x0000000082800000, 0x0000000100000000)
  region size 1024K, 0 young (0K), 0 survivors (0K)

[error occurred during error reporting (printing heap information), id 0xc0000005, EXCEPTION_ACCESS_VIOLATION (0xc0000005) at pc=0x00007ffe446c9f19]

GC Heap History (0 events):
No events

Deoptimization events (0 events):
No events

Classes unloaded (0 events):
No events

Classes redefined (0 events):
No events

Internal exceptions (0 events):
No events

VM Operations (0 events):
No events

Events (1 events):
Event: 0.005 Loaded shared library C:\Users\Notebook\.jdks\openjdk-17.0.2\bin\java.dll


Dynamic libraries:
0x00007ff607110000 - 0x00007ff60711e000 	C:\Users\Notebook\.jdks\openjdk-17.0.2\bin\java.exe
0x00007ffe93990000 - 0x00007ffe93b85000 	C:\Windows\SYSTEM32\ntdll.dll
0x00007ffe92f20000 - 0x00007ffe92fde000 	C:\Windows\System32\KERNEL32.DLL
0x00007ffe91660000 - 0x00007ffe91928000 	C:\Windows\System32\KERNELBASE.dll
0x00007ffe911f0000 - 0x00007ffe912f0000 	C:\Windows\System32\ucrtbase.dll
0x00007ffe714d0000 - 0x00007ffe714e8000 	C:\Users\Notebook\.jdks\openjdk-17.0.2\bin\jli.dll
0x00007ffe713e0000 - 0x00007ffe713fa000 	C:\Users\Notebook\.jdks\openjdk-17.0.2\bin\VCRUNTIME140.dll
0x00007ffe92c10000 - 0x00007ffe92db0000 	C:\Windows\System32\USER32.dll
0x00007ffe910b0000 - 0x00007ffe910d2000 	C:\Windows\System32\win32u.dll
0x00007ffe7c390000 - 0x00007ffe7c62a000 	C:\Windows\WinSxS\amd64_microsoft.windows.common-controls_6595b64144ccf1df_6.0.19041.1110_none_60b5254171f9507e\COMCTL32.dll
0x00007ffe92ef0000 - 0x00007ffe92f1b000 	C:\Windows\System32\GDI32.dll
0x00007ffe92b60000 - 0x00007ffe92bfe000 	C:\Windows\System32\msvcrt.dll
0x00007ffe910e0000 - 0x00007ffe911eb000 	C:\Windows\System32\gdi32full.dll
0x00007ffe912f0000 - 0x00007ffe9138d000 	C:\Windows\System32\msvcp_win.dll
0x00007ffe91ea0000 - 0x00007ffe91ed0000 	C:\Windows\System32\IMM32.DLL
0x00007ffe887f0000 - 0x00007ffe887fc000 	C:\Users\Notebook\.jdks\openjdk-17.0.2\bin\vcruntime140_1.dll
0x00007ffe50880000 - 0x00007ffe5090d000 	C:\Users\Notebook\.jdks\openjdk-17.0.2\bin\msvcp140.dll
0x00007ffe44000000 - 0x00007ffe44bc1000 	C:\Users\Notebook\.jdks\openjdk-17.0.2\bin\server\jvm.dll
0x00007ffe929e0000 - 0x00007ffe92a8e000 	C:\Windows\System32\ADVAPI32.dll
0x00007ffe93330000 - 0x00007ffe933cc000 	C:\Windows\System32\sechost.dll
0x00007ffe919f0000 - 0x00007ffe91b15000 	C:\Windows\System32\RPCRT4.dll
0x00007ffe92fe0000 - 0x00007ffe92fe8000 	C:\Windows\System32\PSAPI.DLL
0x00007ffe887b0000 - 0x00007ffe887ba000 	C:\Windows\SYSTEM32\VERSION.dll
0x00007ffe8a320000 - 0x00007ffe8a329000 	C:\Windows\SYSTEM32\WSOCK32.dll
0x00007ffe7cc20000 - 0x00007ffe7cc47000 	C:\Windows\SYSTEM32\WINMM.dll
0x00007ffe91e30000 - 0x00007ffe91e9b000 	C:\Windows\System32\WS2_32.dll
0x00007ffe8f910000 - 0x00007ffe8f922000 	C:\Windows\SYSTEM32\kernel.appcore.dll
0x00007ffe887c0000 - 0x00007ffe887ca000 	C:\Users\Notebook\.jdks\openjdk-17.0.2\bin\jimage.dll
0x00007ffe8b960000 - 0x00007ffe8bb44000 	C:\Windows\SYSTEM32\DBGHELP.DLL
0x00007ffe7ceb0000 - 0x00007ffe7cedc000 	C:\Windows\SYSTEM32\dbgcore.DLL
0x00007ffe91960000 - 0x00007ffe919e2000 	C:\Windows\System32\bcryptPrimitives.dll
0x00007ffe68f30000 - 0x00007ffe68f55000 	C:\Users\Notebook\.jdks\openjdk-17.0.2\bin\java.dll

dbghelp: loaded successfully - version: 4.0.5 - missing functions: none
symbol engine: initialized successfully - sym options: 0x614 - pdb path: .;C:\Users\Notebook\.jdks\openjdk-17.0.2\bin;C:\Windows\SYSTEM32;C:\Windows\WinSxS\amd64_microsoft.windows.common-controls_6595b64144ccf1df_6.0.19041.1110_none_60b5254171f9507e;C:\Users\Notebook\.jdks\openjdk-17.0.2\bin\server

VM Arguments:
java_command: C:\Users\Notebook\AppData\Local\Temp\surefire5649673706709682661\surefirebooter1387773308608573774.jar C:\Users\Notebook\AppData\Local\Temp\surefire5649673706709682661 2022-04-10T20-34-46_604-jvmRun1 surefire7649471096381874529tmp surefire_05881988812371951737tmp
java_class_path (initial): C:\Users\Notebook\AppData\Local\Temp\surefire5649673706709682661\surefirebooter1387773308608573774.jar
Launcher Type: SUN_STANDARD

[Global flags]
     intx CICompilerCount                          = 4                                         {product} {ergonomic}
     uint ConcGCThreads                            = 3                                         {product} {ergonomic}
     uint G1ConcRefinementThreads                  = 10                                        {product} {ergonomic}
   size_t G1HeapRegionSize                         = 1048576                                   {product} {ergonomic}
    uintx GCDrainStackTargetSize                   = 64                                        {product} {ergonomic}
   size_t InitialHeapSize                          = 132120576                                 {product} {ergonomic}
   size_t MarkStackSize                            = 4194304                                   {product} {ergonomic}
   size_t MaxHeapSize                              = 2105540608                                {product} {ergonomic}
   size_t MinHeapDeltaBytes                        = 1048576                                   {product} {ergonomic}
   size_t MinHeapSize                              = 8388608                                   {product} {ergonomic}
    uintx NonNMethodCodeHeapSize                   = 5839372                                {pd product} {ergonomic}
    uintx NonProfiledCodeHeapSize                  = 122909434                              {pd product} {ergonomic}
    uintx ProfiledCodeHeapSize                     = 122909434                              {pd product} {ergonomic}
    uintx ReservedCodeCacheSize                    = 251658240                              {pd product} {ergonomic}
     bool SegmentedCodeCache                       = true                                      {product} {ergonomic}
   size_t SoftMaxHeapSize                          = 2105540608                             {manageable} {ergonomic}
     bool UseCompressedClassPointers               = true                           {product lp64_product} {ergonomic}
     bool UseCompressedOops                        = true                           {product lp64_product} {ergonomic}
     bool UseG1GC                                  = true                                      {product} {ergonomic}
     bool UseLargePagesIndividualAllocation        = false                                  {pd product} {ergonomic}

Logging:
Log output configuration:
 #0: stdout all=warning uptime,level,tags
 #1: stderr all=off uptime,level,tags

Environment Variables:
PATH=C:\Program Files (x86)\Common Files\Oracle\Java\javapath;C:\Program Files\Common Files\Oracle\Java\javapath;C:\Windows\system32;C:\Windows;C:\Windows\System32\Wbem;C:\Windows\System32\WindowsPowerShell\v1.0\;C:\Windows\System32\OpenSSH\;C:\Program Files\nodejs\;C:\Program Files\Git\cmd;C:\HashiCorp\Vagrant\bin;C:\Program Files\Go\bin;C:\Program Files\Docker\Docker\resources\bin;C:\ProgramData\DockerDesktop\version-bin;C:\Program Files\MySQL\MySQL Shell 8.0\bin\;C:\Users\Notebook\AppData\Local\Microsoft\WindowsApps;;C:\Users\Notebook\AppData\Local\Programs\Microsoft VS Code\bin;C:\Users\Notebook\AppData\Roaming\npm;C:\Users\Notebook\go\bin
USERNAME=Notebook
OS=Windows_NT
PROCESSOR_IDENTIFIER=Intel64 Family 6 Model 165 Stepping 2, GenuineIntel



---------------  S Y S T E M  ---------------

OS:
 Windows 10 , 64 bit Build 19041 (10.0.19041.1566)
OS uptime: 31 days 18:38 hours
Hyper-V role detected

CPU: total 12 (initial active 12) (6 cores per cpu, 2 threads per core) family 6 model 165 stepping 2 microcode 0xe0, cx8, cmov, fxsr, ht, mmx, 3dnowpref, sse, sse2, sse3, ssse3, sse4.1, sse4.2, popcnt, lzcnt, tsc, tscinvbit, avx, avx2, aes, erms, clmul, bmi1, bmi2, adx, fma, vzeroupper, clflush, clflushopt, hv

Memory: 4k page, system-wide physical 8030M (413M free)
TotalPageFile size 32606M (AvailPageFile size 82M)
current process WorkingSet (physical memory assigned to process): 10M, peak: 10M
current process commit charge ("private bytes"): 64M, peak: 190M

vm_info: OpenJDK 64-Bit Server VM (17.0.2+8-86) for windows-amd64 JRE (17.0.2+8-86), built on Dec  7 2021 21:49:10 by "mach5one" with MS VC++ 16.8 / 16.9 (VS2019)

END.
